[0mPOST /api/v1/on-covid-19 [32m200 [0m138.675 ms - 776[0m
[0mPOST /api/v1/on-covid-19/xml [32m200 [0m45.600 ms - 1476[0m
[0mGET /api/v1/on-covid-19/logs [32m200 [0m9.973 ms - 130[0m
[0mPOST /api/v1/on-covid-19/json [33m404 [0m31.905 ms - 45[0m
[0mPOST /api/v1/on-covid-19/xml [32m200 [0m17.002 ms - 1476[0m
[0mGET /api/v1/on-covid-19/logs [32m200 [0m5.368 ms - 328[0m
[0mPOST /api/v1/on-covid-19/json [33m404 [0m29.606 ms - 45[0m
[0mPOST /api/v1/on-covid-19/xml [32m200 [0m16.752 ms - 1476[0m
[0mGET /api/v1/on-covid-19/logs [32m200 [0m3.985 ms - 526[0m
[0mPOST /api/v1/on-covid-19/json [33m404 [0m40.256 ms - 45[0m
[0mPOST /api/v1/on-covid-19/xml [32m200 [0m49.635 ms - 1476[0m
[0mGET /api/v1/on-covid-19/logs [32m200 [0m6.015 ms - 724[0m
[0mGET /api/v1/on-covid-19/ [33m404 [0m16.712 ms - 45[0m
[0mGET /api/v1/on-covid-19/xml [33m404 [0m2.348 ms - 45[0m
[0mGET /api/v1/on-covid-19/logs [32m200 [0m6.403 ms - 913[0m
[0mGET /api/v1/on-covid-19/xml [33m404 [0m1.250 ms - 45[0m
[0mGET /api/v1/on-covid-19/json [33m404 [0m1.618 ms - 45[0m
[0mGET /api/v1/on-covid-19/ [33m404 [0m1.642 ms - 45[0m
[0mPOST /api/v1/on-covid-19/ [32m200 [0m33.692 ms - 776[0m
[0mPOST /api/v1/on-covid-19/json [33m404 [0m2.097 ms - 45[0m
[0mPOST /api/v1/on-covid-19/xml [32m200 [0m17.425 ms - 1476[0m
[0mPOST /api/v1/on-covid-19/json [32m200 [0m47.632 ms - 776[0m
[0mPOST /api/v1/on-covid-19/json [33m404 [0m37.798 ms - 45[0m
[0mPOST /api/v1/on-covid-19/json [32m200 [0m42.529 ms - 776[0m
[0mPOST /api/v1/on-covid-19/xml [32m200 [0m20.422 ms - 1476[0m
[0mPOST /api/v1/on-covid-19/logs [32m200 [0m3.862 ms - 1476[0m
[0mPOST /api/v1/on-covid-19/logs [32m200 [0m3.059 ms - 1476[0m
[0mPOST /api/v1/on-covid-19/logs [33m404 [0m48.235 ms - 45[0m
[0mPOST /api/v1/on-covid-19/ [33m404 [0m2.544 ms - 45[0m
[0mPOST /api/v1/on-covid-19/json [32m200 [0m3.326 ms - 776[0m
[0mPOST /api/v1/on-covid-19/xml [32m200 [0m18.415 ms - 1476[0m
[0mPOST /api/v1/on-covid-19/logs [33m404 [0m2.335 ms - 45[0m
[0mGET /api/v1/on-covid-19/logs [32m200 [0m26.598 ms - 2086[0m
[0mPOST /api/v1/on-covid-19/logs [31m500 [0m33.642 ms - 45[0m
